<?xml version="1.0" encoding="UTF-8"?>
<testng-results skipped="0" failed="0" total="2" passed="2">
  <reporter-output>
  </reporter-output>
  <suite name="Surefire suite" duration-ms="253" started-at="2016-10-17T22:20:42Z" finished-at="2016-10-17T22:20:42Z">
    <groups>
      <group name="unit">
        <method signature="EpisodeMapperTest.shouldMapTracktEpisodeList()[pri:0, instance:com.example.mapper.EpisodeMapperTest@62043840]" name="shouldMapTracktEpisodeList" class="com.example.mapper.EpisodeMapperTest"/>
        <method signature="EpisodeMapperTest.shouldmapTraktEpisodeToEpisode()[pri:0, instance:com.example.mapper.EpisodeMapperTest@62043840]" name="shouldmapTraktEpisodeToEpisode" class="com.example.mapper.EpisodeMapperTest"/>
      </group> <!-- unit -->
    </groups>
    <test name="Surefire test" duration-ms="253" started-at="2016-10-17T22:20:42Z" finished-at="2016-10-17T22:20:42Z">
      <class name="com.example.mapper.EpisodeMapperTest">
        <test-method status="PASS" signature="init()[pri:0, instance:com.example.mapper.EpisodeMapperTest@62043840]" name="init" is-config="true" duration-ms="29" started-at="2016-10-18T00:20:42Z" finished-at="2016-10-18T00:20:42Z">
          <reporter-output>
          </reporter-output>
        </test-method> <!-- init -->
        <test-method status="PASS" signature="shouldMapTracktEpisodeList()[pri:0, instance:com.example.mapper.EpisodeMapperTest@62043840]" name="shouldMapTracktEpisodeList" duration-ms="193" started-at="2016-10-18T00:20:42Z" finished-at="2016-10-18T00:20:42Z">
          <reporter-output>
          </reporter-output>
        </test-method> <!-- shouldMapTracktEpisodeList -->
        <test-method status="PASS" signature="shouldmapTraktEpisodeToEpisode()[pri:0, instance:com.example.mapper.EpisodeMapperTest@62043840]" name="shouldmapTraktEpisodeToEpisode" duration-ms="1" started-at="2016-10-18T00:20:42Z" finished-at="2016-10-18T00:20:42Z">
          <reporter-output>
          </reporter-output>
        </test-method> <!-- shouldmapTraktEpisodeToEpisode -->
      </class> <!-- com.example.mapper.EpisodeMapperTest -->
    </test> <!-- Surefire test -->
  </suite> <!-- Surefire suite -->
</testng-results>
